<?xml version="1.0" encoding="UTF-8"?>
<testng-results ignored="0" total="18" passed="17" failed="1" skipped="0">
  <reporter-output>
  </reporter-output>
  <suite started-at="2023-05-11T16:27:00 EET" name="Default suite" finished-at="2023-05-11T16:28:23 EET" duration-ms="83872">
    <groups>
    </groups>
    <test started-at="2023-05-11T16:27:00 EET" name="Default test" finished-at="2023-05-11T16:28:23 EET" duration-ms="83872">
      <class name="Almosafer.Hometest">
        <test-method is-config="true" signature="mySetup()[pri:0, instance:Almosafer.Hometest@4d9e68d0]" started-at="2023-05-11T16:27:00 EET" name="mySetup" finished-at="2023-05-11T16:27:04 EET" duration-ms="4175" status="PASS">
          <reporter-output>
          </reporter-output>
        </test-method> <!-- mySetup -->
        <test-method signature="check_the_website_default_language()[pri:1, instance:Almosafer.Hometest@4d9e68d0]" started-at="2023-05-11T16:27:04 EET" name="check_the_website_default_language" finished-at="2023-05-11T16:27:04 EET" duration-ms="17" status="PASS">
          <reporter-output>
          </reporter-output>
        </test-method> <!-- check_the_website_default_language -->
        <test-method signature="checkSar()[pri:2, instance:Almosafer.Hometest@4d9e68d0]" started-at="2023-05-11T16:27:04 EET" name="checkSar" finished-at="2023-05-11T16:27:11 EET" duration-ms="7178" status="PASS">
          <reporter-output>
          </reporter-output>
        </test-method> <!-- checkSar -->
        <test-method signature="CONTACTNUMBER()[pri:3, instance:Almosafer.Hometest@4d9e68d0]" started-at="2023-05-11T16:27:11 EET" name="CONTACTNUMBER" finished-at="2023-05-11T16:27:14 EET" duration-ms="3036" status="PASS">
          <reporter-output>
          </reporter-output>
        </test-method> <!-- CONTACTNUMBER -->
        <test-method signature="TestlogoQetaf()[pri:4, instance:Almosafer.Hometest@4d9e68d0]" started-at="2023-05-11T16:27:14 EET" name="TestlogoQetaf" finished-at="2023-05-11T16:27:17 EET" duration-ms="3068" status="PASS">
          <reporter-output>
          </reporter-output>
        </test-method> <!-- TestlogoQetaf -->
        <test-method signature="SelectRoom()[pri:5, instance:Almosafer.Hometest@4d9e68d0]" started-at="2023-05-11T16:27:17 EET" name="SelectRoom" finished-at="2023-05-11T16:27:23 EET" duration-ms="6035" status="PASS">
          <reporter-output>
          </reporter-output>
        </test-method> <!-- SelectRoom -->
        <test-method signature="SelectRoom()[pri:5, instance:Almosafer.Hometest@4d9e68d0]" started-at="2023-05-11T16:27:23 EET" name="SelectRoom" finished-at="2023-05-11T16:27:28 EET" duration-ms="4729" status="PASS">
          <reporter-output>
          </reporter-output>
        </test-method> <!-- SelectRoom -->
        <test-method signature="SelectRoom()[pri:5, instance:Almosafer.Hometest@4d9e68d0]" started-at="2023-05-11T16:27:28 EET" name="SelectRoom" finished-at="2023-05-11T16:27:32 EET" duration-ms="4598" status="PASS">
          <reporter-output>
          </reporter-output>
        </test-method> <!-- SelectRoom -->
        <test-method signature="SelectRoom()[pri:5, instance:Almosafer.Hometest@4d9e68d0]" started-at="2023-05-11T16:27:32 EET" name="SelectRoom" finished-at="2023-05-11T16:27:37 EET" duration-ms="4371" status="PASS">
          <reporter-output>
          </reporter-output>
        </test-method> <!-- SelectRoom -->
        <test-method signature="SelectRoom()[pri:5, instance:Almosafer.Hometest@4d9e68d0]" started-at="2023-05-11T16:27:37 EET" name="SelectRoom" finished-at="2023-05-11T16:27:43 EET" duration-ms="6434" status="PASS">
          <reporter-output>
          </reporter-output>
        </test-method> <!-- SelectRoom -->
        <test-method signature="ClickSearchbuttom()[pri:6, instance:Almosafer.Hometest@4d9e68d0]" started-at="2023-05-11T16:27:43 EET" name="ClickSearchbuttom" finished-at="2023-05-11T16:27:48 EET" duration-ms="4555" status="PASS">
          <reporter-output>
          </reporter-output>
        </test-method> <!-- ClickSearchbuttom -->
        <test-method signature="Flightdeparture()[pri:7, instance:Almosafer.Hometest@4d9e68d0]" started-at="2023-05-11T16:27:48 EET" name="Flightdeparture" finished-at="2023-05-11T16:27:51 EET" duration-ms="3125" status="PASS">
          <reporter-output>
          </reporter-output>
        </test-method> <!-- Flightdeparture -->
        <test-method signature="Flightreturn()[pri:8, instance:Almosafer.Hometest@4d9e68d0]" started-at="2023-05-11T16:27:51 EET" name="Flightreturn" finished-at="2023-05-11T16:27:54 EET" duration-ms="3054" status="PASS">
          <reporter-output>
          </reporter-output>
        </test-method> <!-- Flightreturn -->
        <test-method signature="CheckOnLang()[pri:9, instance:Almosafer.Hometest@4d9e68d0]" started-at="2023-05-11T16:27:54 EET" name="CheckOnLang" finished-at="2023-05-11T16:27:59 EET" duration-ms="4606" status="PASS">
          <reporter-output>
          </reporter-output>
        </test-method> <!-- CheckOnLang -->
        <test-method signature="CheckOnLang()[pri:9, instance:Almosafer.Hometest@4d9e68d0]" started-at="2023-05-11T16:27:59 EET" name="CheckOnLang" finished-at="2023-05-11T16:28:03 EET" duration-ms="4542" status="PASS">
          <reporter-output>
          </reporter-output>
        </test-method> <!-- CheckOnLang -->
        <test-method signature="CheckOnLang()[pri:9, instance:Almosafer.Hometest@4d9e68d0]" started-at="2023-05-11T16:28:03 EET" name="CheckOnLang" finished-at="2023-05-11T16:28:09 EET" duration-ms="5534" status="PASS">
          <reporter-output>
          </reporter-output>
        </test-method> <!-- CheckOnLang -->
        <test-method signature="CheckOnLang()[pri:9, instance:Almosafer.Hometest@4d9e68d0]" started-at="2023-05-11T16:28:09 EET" name="CheckOnLang" finished-at="2023-05-11T16:28:13 EET" duration-ms="4037" status="PASS">
          <reporter-output>
          </reporter-output>
        </test-method> <!-- CheckOnLang -->
        <test-method signature="CheckOnLang()[pri:9, instance:Almosafer.Hometest@4d9e68d0]" started-at="2023-05-11T16:28:13 EET" name="CheckOnLang" finished-at="2023-05-11T16:28:17 EET" duration-ms="4142" status="PASS">
          <reporter-output>
          </reporter-output>
        </test-method> <!-- CheckOnLang -->
        <test-method signature="hotelsearch()[pri:10, instance:Almosafer.Hometest@4d9e68d0]" started-at="2023-05-11T16:28:17 EET" name="hotelsearch" finished-at="2023-05-11T16:28:23 EET" duration-ms="6591" status="FAIL">
          <exception class="org.openqa.selenium.NoSuchElementException">
            <message>
              <![CDATA[no such element: Unable to locate element: {"method":"xpath","selector":"//*[@id="uncontrolled-tab-example-tabpane-flights"]/div/div[2]/div[1]/div/div[2]/div[2]/div[1]/div/div/input"}
  (Session info: chrome=113.0.5672.92)
For documentation on this error, please visit: https://selenium.dev/exceptions/#no_such_element
Build info: version: '4.8.0', revision: '267030adea'
System info: os.name: 'Windows 10', os.arch: 'amd64', os.version: '10.0', java.version: '19.0.2'
Driver info: org.openqa.selenium.chrome.ChromeDriver
Command: [0875e1edca518e31d009e2f6a12521de, findElement {using=xpath, value=//*[@id="uncontrolled-tab-example-tabpane-flights"]/div/div[2]/div[1]/div/div[2]/div[2]/div[1]/div/div/input}]
Capabilities {acceptInsecureCerts: false, browserName: chrome, browserVersion: 113.0.5672.92, chrome: {chromedriverVersion: 113.0.5672.63 (0e1a4471d5ae..., userDataDir: C:\Users\User\AppData\Local...}, goog:chromeOptions: {debuggerAddress: localhost:1295}, networkConnectionEnabled: false, pageLoadStrategy: normal, platformName: WINDOWS, proxy: Proxy(), se:cdp: ws://localhost:1295/devtool..., se:cdpVersion: 113.0.5672.92, setWindowRect: true, strictFileInteractability: false, timeouts: {implicit: 0, pageLoad: 300000, script: 30000}, unhandledPromptBehavior: dismiss and notify, webauthn:extension:credBlob: true, webauthn:extension:largeBlob: true, webauthn:extension:minPinLength: true, webauthn:extension:prf: true, webauthn:virtualAuthenticators: true}
Session ID: 0875e1edca518e31d009e2f6a12521de]]>
            </message>
            <full-stacktrace>
              <![CDATA[org.openqa.selenium.NoSuchElementException: no such element: Unable to locate element: {"method":"xpath","selector":"//*[@id="uncontrolled-tab-example-tabpane-flights"]/div/div[2]/div[1]/div/div[2]/div[2]/div[1]/div/div/input"}
  (Session info: chrome=113.0.5672.92)
For documentation on this error, please visit: https://selenium.dev/exceptions/#no_such_element
Build info: version: '4.8.0', revision: '267030adea'
System info: os.name: 'Windows 10', os.arch: 'amd64', os.version: '10.0', java.version: '19.0.2'
Driver info: org.openqa.selenium.chrome.ChromeDriver
Command: [0875e1edca518e31d009e2f6a12521de, findElement {using=xpath, value=//*[@id="uncontrolled-tab-example-tabpane-flights"]/div/div[2]/div[1]/div/div[2]/div[2]/div[1]/div/div/input}]
Capabilities {acceptInsecureCerts: false, browserName: chrome, browserVersion: 113.0.5672.92, chrome: {chromedriverVersion: 113.0.5672.63 (0e1a4471d5ae..., userDataDir: C:\Users\User\AppData\Local...}, goog:chromeOptions: {debuggerAddress: localhost:1295}, networkConnectionEnabled: false, pageLoadStrategy: normal, platformName: WINDOWS, proxy: Proxy(), se:cdp: ws://localhost:1295/devtool..., se:cdpVersion: 113.0.5672.92, setWindowRect: true, strictFileInteractability: false, timeouts: {implicit: 0, pageLoad: 300000, script: 30000}, unhandledPromptBehavior: dismiss and notify, webauthn:extension:credBlob: true, webauthn:extension:largeBlob: true, webauthn:extension:minPinLength: true, webauthn:extension:prf: true, webauthn:virtualAuthenticators: true}
Session ID: 0875e1edca518e31d009e2f6a12521de
at java.base/jdk.internal.reflect.DirectConstructorHandleAccessor.newInstance(DirectConstructorHandleAccessor.java:67)
at java.base/java.lang.reflect.Constructor.newInstanceWithCaller(Constructor.java:500)
at java.base/java.lang.reflect.Constructor.newInstance(Constructor.java:484)
at org.openqa.selenium.remote.codec.w3c.W3CHttpResponseCodec.createException(W3CHttpResponseCodec.java:200)
at org.openqa.selenium.remote.codec.w3c.W3CHttpResponseCodec.decode(W3CHttpResponseCodec.java:133)
at org.openqa.selenium.remote.codec.w3c.W3CHttpResponseCodec.decode(W3CHttpResponseCodec.java:53)
at org.openqa.selenium.remote.HttpCommandExecutor.execute(HttpCommandExecutor.java:184)
at org.openqa.selenium.remote.service.DriverCommandExecutor.invokeExecute(DriverCommandExecutor.java:167)
at org.openqa.selenium.remote.service.DriverCommandExecutor.execute(DriverCommandExecutor.java:142)
at org.openqa.selenium.remote.RemoteWebDriver.execute(RemoteWebDriver.java:543)
at org.openqa.selenium.remote.ElementLocation$ElementFinder$2.findElement(ElementLocation.java:162)
at org.openqa.selenium.remote.ElementLocation.findElement(ElementLocation.java:60)
at org.openqa.selenium.remote.RemoteWebDriver.findElement(RemoteWebDriver.java:352)
at org.openqa.selenium.remote.RemoteWebDriver.findElement(RemoteWebDriver.java:344)
at Almosafer.Hometest.hotelsearch(Hometest.java:202)
at java.base/jdk.internal.reflect.DirectMethodHandleAccessor.invoke(DirectMethodHandleAccessor.java:104)
at java.base/java.lang.reflect.Method.invoke(Method.java:578)
at org.testng.internal.MethodInvocationHelper.invokeMethod(MethodInvocationHelper.java:133)
at org.testng.internal.TestInvoker.invokeMethod(TestInvoker.java:598)
at org.testng.internal.TestInvoker.invokeTestMethod(TestInvoker.java:173)
at org.testng.internal.MethodRunner.runInSequence(MethodRunner.java:46)
at org.testng.internal.TestInvoker$MethodInvocationAgent.invoke(TestInvoker.java:824)
at org.testng.internal.TestInvoker.invokeTestMethods(TestInvoker.java:146)
at org.testng.internal.TestMethodWorker.invokeTestMethods(TestMethodWorker.java:146)
at org.testng.internal.TestMethodWorker.run(TestMethodWorker.java:128)
at java.base/java.util.ArrayList.forEach(ArrayList.java:1511)
at org.testng.TestRunner.privateRun(TestRunner.java:794)
at org.testng.TestRunner.run(TestRunner.java:596)
at org.testng.SuiteRunner.runTest(SuiteRunner.java:377)
at org.testng.SuiteRunner.runSequentially(SuiteRunner.java:371)
at org.testng.SuiteRunner.privateRun(SuiteRunner.java:332)
at org.testng.SuiteRunner.run(SuiteRunner.java:276)
at org.testng.SuiteRunnerWorker.runSuite(SuiteRunnerWorker.java:53)
at org.testng.SuiteRunnerWorker.run(SuiteRunnerWorker.java:96)
at org.testng.TestNG.runSuitesSequentially(TestNG.java:1212)
at org.testng.TestNG.runSuitesLocally(TestNG.java:1134)
at org.testng.TestNG.runSuites(TestNG.java:1063)
at org.testng.TestNG.run(TestNG.java:1031)
at org.testng.remote.AbstractRemoteTestNG.run(AbstractRemoteTestNG.java:115)
at org.testng.remote.RemoteTestNG.initAndRun(RemoteTestNG.java:251)
at org.testng.remote.RemoteTestNG.main(RemoteTestNG.java:77)
]]>
            </full-stacktrace>
          </exception> <!-- org.openqa.selenium.NoSuchElementException -->
          <reporter-output>
          </reporter-output>
        </test-method> <!-- hotelsearch -->
        <test-method is-config="true" signature="myAfterTest()[pri:0, instance:Almosafer.Hometest@4d9e68d0]" started-at="2023-05-11T16:28:23 EET" name="myAfterTest" finished-at="2023-05-11T16:28:23 EET" duration-ms="0" status="PASS">
          <reporter-output>
          </reporter-output>
        </test-method> <!-- myAfterTest -->
      </class> <!-- Almosafer.Hometest -->
    </test> <!-- Default test -->
  </suite> <!-- Default suite -->
</testng-results>
